  stdafx.cpp
  AstarMgr.cpp
E:\★쥬신\240430 합본 4차\4차 팀과제\Header\Define.h(1,1): warning C4828: 파일에 0x5bc 오프셋에서 시작하는 문자가 포함되어 있습니다. 이 문자는 현재 원본 문자 집합에서 잘못된 문자입니다(코드 페이지 949).
  Client.cpp
E:\★쥬신\240430 합본 4차\4차 팀과제\Header\Define.h(1,1): warning C4828: 파일에 0x5bc 오프셋에서 시작하는 문자가 포함되어 있습니다. 이 문자는 현재 원본 문자 집합에서 잘못된 문자입니다(코드 페이지 949).
  Device.cpp
E:\★쥬신\240430 합본 4차\4차 팀과제\Header\Define.h(1,1): warning C4828: 파일에 0x5bc 오프셋에서 시작하는 문자가 포함되어 있습니다. 이 문자는 현재 원본 문자 집합에서 잘못된 문자입니다(코드 페이지 949).
  KeyMgr.cpp
E:\★쥬신\240430 합본 4차\4차 팀과제\Header\Define.h(1,1): warning C4828: 파일에 0x5bc 오프셋에서 시작하는 문자가 포함되어 있습니다. 이 문자는 현재 원본 문자 집합에서 잘못된 문자입니다(코드 페이지 949).
  MainGame.cpp
E:\★쥬신\240430 합본 4차\4차 팀과제\Header\Define.h(1,1): warning C4828: 파일에 0x5bc 오프셋에서 시작하는 문자가 포함되어 있습니다. 이 문자는 현재 원본 문자 집합에서 잘못된 문자입니다(코드 페이지 949).
E:\★쥬신\240430 합본 4차\4차 팀과제\Client\TimeMgr.h(1,1): warning C4828: 파일에 0x2bf 오프셋에서 시작하는 문자가 포함되어 있습니다. 이 문자는 현재 원본 문자 집합에서 잘못된 문자입니다(코드 페이지 949).
  MultiTexture.cpp
E:\★쥬신\240430 합본 4차\4차 팀과제\Header\Define.h(1,1): warning C4828: 파일에 0x5bc 오프셋에서 시작하는 문자가 포함되어 있습니다. 이 문자는 현재 원본 문자 집합에서 잘못된 문자입니다(코드 페이지 949).
  MyTerrain.cpp
E:\★쥬신\240430 합본 4차\4차 팀과제\Header\Define.h(1,1): warning C4828: 파일에 0x5bc 오프셋에서 시작하는 문자가 포함되어 있습니다. 이 문자는 현재 원본 문자 집합에서 잘못된 문자입니다(코드 페이지 949).
E:\★쥬신\240430 합본 4차\4차 팀과제\Client\TimeMgr.h(1,1): warning C4828: 파일에 0x2bf 오프셋에서 시작하는 문자가 포함되어 있습니다. 이 문자는 현재 원본 문자 집합에서 잘못된 문자입니다(코드 페이지 949).
E:\★쥬신\240430 합본 4차\4차 팀과제\Client\MyTerrain.cpp(249,27): warning C4838: 'float'에서 'LONG'(으)로의 변환에는 축소 변환이 필요합니다.
E:\★쥬신\240430 합본 4차\4차 팀과제\Client\MyTerrain.cpp(249,27): warning C4244: '초기화 중': 'float'에서 'LONG'(으)로 변환하면서 데이터가 손실될 수 있습니다.
E:\★쥬신\240430 합본 4차\4차 팀과제\Client\MyTerrain.cpp(250,15): warning C4838: 'float'에서 'LONG'(으)로의 변환에는 축소 변환이 필요합니다.
E:\★쥬신\240430 합본 4차\4차 팀과제\Client\MyTerrain.cpp(250,15): warning C4244: '초기화 중': 'float'에서 'LONG'(으)로 변환하면서 데이터가 손실될 수 있습니다.
E:\★쥬신\240430 합본 4차\4차 팀과제\Client\MyTerrain.cpp(251,15): warning C4838: 'float'에서 'LONG'(으)로의 변환에는 축소 변환이 필요합니다.
E:\★쥬신\240430 합본 4차\4차 팀과제\Client\MyTerrain.cpp(251,15): warning C4244: '초기화 중': 'float'에서 'LONG'(으)로 변환하면서 데이터가 손실될 수 있습니다.
E:\★쥬신\240430 합본 4차\4차 팀과제\Client\MyTerrain.cpp(252,15): warning C4838: 'float'에서 'LONG'(으)로의 변환에는 축소 변환이 필요합니다.
E:\★쥬신\240430 합본 4차\4차 팀과제\Client\MyTerrain.cpp(252,15): warning C4244: '초기화 중': 'float'에서 'LONG'(으)로 변환하면서 데이터가 손실될 수 있습니다.
  Obj.cpp
E:\★쥬신\240430 합본 4차\4차 팀과제\Header\Define.h(1,1): warning C4828: 파일에 0x5bc 오프셋에서 시작하는 문자가 포함되어 있습니다. 이 문자는 현재 원본 문자 집합에서 잘못된 문자입니다(코드 페이지 949).
E:\★쥬신\240430 합본 4차\4차 팀과제\Client\TimeMgr.h(1,1): warning C4828: 파일에 0x2bf 오프셋에서 시작하는 문자가 포함되어 있습니다. 이 문자는 현재 원본 문자 집합에서 잘못된 문자입니다(코드 페이지 949).
  ObjMgr.cpp
E:\★쥬신\240430 합본 4차\4차 팀과제\Header\Define.h(1,1): warning C4828: 파일에 0x5bc 오프셋에서 시작하는 문자가 포함되어 있습니다. 이 문자는 현재 원본 문자 집합에서 잘못된 문자입니다(코드 페이지 949).
  Player.cpp
E:\★쥬신\240430 합본 4차\4차 팀과제\Header\Define.h(1,1): warning C4828: 파일에 0x5bc 오프셋에서 시작하는 문자가 포함되어 있습니다. 이 문자는 현재 원본 문자 집합에서 잘못된 문자입니다(코드 페이지 949).
E:\★쥬신\240430 합본 4차\4차 팀과제\Client\TimeMgr.h(1,1): warning C4828: 파일에 0x2bf 오프셋에서 시작하는 문자가 포함되어 있습니다. 이 문자는 현재 원본 문자 집합에서 잘못된 문자입니다(코드 페이지 949).
  Scene.cpp
  SceneMgr.cpp
E:\★쥬신\240430 합본 4차\4차 팀과제\Header\Define.h(1,1): warning C4828: 파일에 0x5bc 오프셋에서 시작하는 문자가 포함되어 있습니다. 이 문자는 현재 원본 문자 집합에서 잘못된 문자입니다(코드 페이지 949).
  SingleTexture.cpp
E:\★쥬신\240430 합본 4차\4차 팀과제\Header\Define.h(1,1): warning C4828: 파일에 0x5bc 오프셋에서 시작하는 문자가 포함되어 있습니다. 이 문자는 현재 원본 문자 집합에서 잘못된 문자입니다(코드 페이지 949).
  Stage.cpp
E:\★쥬신\240430 합본 4차\4차 팀과제\Header\Define.h(1,1): warning C4828: 파일에 0x5bc 오프셋에서 시작하는 문자가 포함되어 있습니다. 이 문자는 현재 원본 문자 집합에서 잘못된 문자입니다(코드 페이지 949).
  TextMgr.cpp
E:\★쥬신\240430 합본 4차\4차 팀과제\Header\Define.h(1,1): warning C4828: 파일에 0x5bc 오프셋에서 시작하는 문자가 포함되어 있습니다. 이 문자는 현재 원본 문자 집합에서 잘못된 문자입니다(코드 페이지 949).
  Texture.cpp
E:\★쥬신\240430 합본 4차\4차 팀과제\Header\Define.h(1,1): warning C4828: 파일에 0x5bc 오프셋에서 시작하는 문자가 포함되어 있습니다. 이 문자는 현재 원본 문자 집합에서 잘못된 문자입니다(코드 페이지 949).
  TextureMgr.cpp
E:\★쥬신\240430 합본 4차\4차 팀과제\Header\Define.h(1,1): warning C4828: 파일에 0x5bc 오프셋에서 시작하는 문자가 포함되어 있습니다. 이 문자는 현재 원본 문자 집합에서 잘못된 문자입니다(코드 페이지 949).
  TimeMgr.cpp
E:\★쥬신\240430 합본 4차\4차 팀과제\Client\TimeMgr.h(1,1): warning C4828: 파일에 0x2bf 오프셋에서 시작하는 문자가 포함되어 있습니다. 이 문자는 현재 원본 문자 집합에서 잘못된 문자입니다(코드 페이지 949).
E:\★쥬신\240430 합본 4차\4차 팀과제\Header\Define.h(1,1): warning C4828: 파일에 0x5bc 오프셋에서 시작하는 문자가 포함되어 있습니다. 이 문자는 현재 원본 문자 집합에서 잘못된 문자입니다(코드 페이지 949).
  코드를 생성하고 있습니다...
  Client.vcxproj -> E:\★쥬신\240430 합본 4차\4차 팀과제\Debug\Client.exe
